{"C:\\Users\\LENOVO\\library-api-testing\\src\\bookLogic.js": {"path":"C:\\Users\\LENOVO\\library-api-testing\\src\\bookLogic.js","statementMap":{"0":{"start":{"line":4,"column":24},"end":{"line":11,"column":1}},"1":{"start":{"line":5,"column":4},"end":{"line":5,"column":93}},"2":{"start":{"line":5,"column":27},"end":{"line":5,"column":93}},"3":{"start":{"line":6,"column":4},"end":{"line":6,"column":70}},"4":{"start":{"line":6,"column":16},"end":{"line":6,"column":70}},"5":{"start":{"line":7,"column":4},"end":{"line":7,"column":72}},"6":{"start":{"line":7,"column":17},"end":{"line":7,"column":72}},"7":{"start":{"line":8,"column":4},"end":{"line":8,"column":92}},"8":{"start":{"line":8,"column":35},"end":{"line":8,"column":92}},"9":{"start":{"line":9,"column":4},"end":{"line":9,"column":81}},"10":{"start":{"line":9,"column":26},"end":{"line":9,"column":81}},"11":{"start":{"line":10,"column":4},"end":{"line":10,"column":29}},"12":{"start":{"line":14,"column":26},"end":{"line":20,"column":1}},"13":{"start":{"line":15,"column":4},"end":{"line":15,"column":71}},"14":{"start":{"line":15,"column":19},"end":{"line":15,"column":71}},"15":{"start":{"line":16,"column":4},"end":{"line":16,"column":96}},"16":{"start":{"line":16,"column":35},"end":{"line":16,"column":96}},"17":{"start":{"line":17,"column":4},"end":{"line":17,"column":103}},"18":{"start":{"line":17,"column":38},"end":{"line":17,"column":103}},"19":{"start":{"line":18,"column":4},"end":{"line":18,"column":83}},"20":{"start":{"line":18,"column":31},"end":{"line":18,"column":83}},"21":{"start":{"line":19,"column":4},"end":{"line":19,"column":31}},"22":{"start":{"line":23,"column":25},"end":{"line":27,"column":1}},"23":{"start":{"line":24,"column":4},"end":{"line":24,"column":63}},"24":{"start":{"line":24,"column":54},"end":{"line":24,"column":63}},"25":{"start":{"line":25,"column":4},"end":{"line":25,"column":44}},"26":{"start":{"line":25,"column":23},"end":{"line":25,"column":44}},"27":{"start":{"line":26,"column":4},"end":{"line":26,"column":44}},"28":{"start":{"line":29,"column":0},"end":{"line":29,"column":74}}},"fnMap":{"0":{"name":"(anonymous_0)","decl":{"start":{"line":4,"column":24},"end":{"line":4,"column":25}},"loc":{"start":{"line":4,"column":43},"end":{"line":11,"column":1}},"line":4},"1":{"name":"(anonymous_1)","decl":{"start":{"line":14,"column":26},"end":{"line":14,"column":27}},"loc":{"start":{"line":14,"column":52},"end":{"line":20,"column":1}},"line":14},"2":{"name":"(anonymous_2)","decl":{"start":{"line":23,"column":25},"end":{"line":23,"column":26}},"loc":{"start":{"line":23,"column":39},"end":{"line":27,"column":1}},"line":23}},"branchMap":{"0":{"loc":{"start":{"line":5,"column":4},"end":{"line":5,"column":93}},"type":"if","locations":[{"start":{"line":5,"column":4},"end":{"line":5,"column":93}},{"start":{},"end":{}}],"line":5},"1":{"loc":{"start":{"line":5,"column":8},"end":{"line":5,"column":25}},"type":"binary-expr","locations":[{"start":{"line":5,"column":8},"end":{"line":5,"column":14}},{"start":{"line":5,"column":18},"end":{"line":5,"column":25}}],"line":5},"2":{"loc":{"start":{"line":6,"column":4},"end":{"line":6,"column":70}},"type":"if","locations":[{"start":{"line":6,"column":4},"end":{"line":6,"column":70}},{"start":{},"end":{}}],"line":6},"3":{"loc":{"start":{"line":7,"column":4},"end":{"line":7,"column":72}},"type":"if","locations":[{"start":{"line":7,"column":4},"end":{"line":7,"column":72}},{"start":{},"end":{}}],"line":7},"4":{"loc":{"start":{"line":8,"column":4},"end":{"line":8,"column":92}},"type":"if","locations":[{"start":{"line":8,"column":4},"end":{"line":8,"column":92}},{"start":{},"end":{}}],"line":8},"5":{"loc":{"start":{"line":9,"column":4},"end":{"line":9,"column":81}},"type":"if","locations":[{"start":{"line":9,"column":4},"end":{"line":9,"column":81}},{"start":{},"end":{}}],"line":9},"6":{"loc":{"start":{"line":15,"column":4},"end":{"line":15,"column":71}},"type":"if","locations":[{"start":{"line":15,"column":4},"end":{"line":15,"column":71}},{"start":{},"end":{}}],"line":15},"7":{"loc":{"start":{"line":16,"column":4},"end":{"line":16,"column":96}},"type":"if","locations":[{"start":{"line":16,"column":4},"end":{"line":16,"column":96}},{"start":{},"end":{}}],"line":16},"8":{"loc":{"start":{"line":17,"column":4},"end":{"line":17,"column":103}},"type":"if","locations":[{"start":{"line":17,"column":4},"end":{"line":17,"column":103}},{"start":{},"end":{}}],"line":17},"9":{"loc":{"start":{"line":18,"column":4},"end":{"line":18,"column":83}},"type":"if","locations":[{"start":{"line":18,"column":4},"end":{"line":18,"column":83}},{"start":{},"end":{}}],"line":18},"10":{"loc":{"start":{"line":24,"column":4},"end":{"line":24,"column":63}},"type":"if","locations":[{"start":{"line":24,"column":4},"end":{"line":24,"column":63}},{"start":{},"end":{}}],"line":24},"11":{"loc":{"start":{"line":24,"column":8},"end":{"line":24,"column":52}},"type":"binary-expr","locations":[{"start":{"line":24,"column":8},"end":{"line":24,"column":36}},{"start":{"line":24,"column":40},"end":{"line":24,"column":52}}],"line":24},"12":{"loc":{"start":{"line":25,"column":4},"end":{"line":25,"column":44}},"type":"if","locations":[{"start":{"line":25,"column":4},"end":{"line":25,"column":44}},{"start":{},"end":{}}],"line":25}},"s":{"0":1,"1":5,"2":1,"3":4,"4":1,"5":3,"6":0,"7":3,"8":1,"9":2,"10":1,"11":1,"12":1,"13":5,"14":1,"15":4,"16":1,"17":3,"18":1,"19":2,"20":1,"21":1,"22":1,"23":5,"24":1,"25":4,"26":3,"27":1,"28":1},"f":{"0":5,"1":5,"2":5},"b":{"0":[1,4],"1":[5,2],"2":[1,3],"3":[0,3],"4":[1,2],"5":[1,1],"6":[1,4],"7":[1,3],"8":[1,2],"9":[1,1],"10":[1,4],"11":[5,5],"12":[3,1]},"_coverageSchema":"1a1c01bbd47fc00a2c39e90264f33305004495a9","hash":"a955d1d9073922e615e7841bd417010849dee8c8"}
,"C:\\Users\\LENOVO\\library-api-testing\\src\\server.js": {"path":"C:\\Users\\LENOVO\\library-api-testing\\src\\server.js","statementMap":{"0":{"start":{"line":1,"column":16},"end":{"line":1,"column":34}},"1":{"start":{"line":2,"column":12},"end":{"line":2,"column":21}},"2":{"start":{"line":3,"column":0},"end":{"line":3,"column":24}},"3":{"start":{"line":6,"column":12},"end":{"line":9,"column":1}},"4":{"start":{"line":12,"column":0},"end":{"line":14,"column":3}},"5":{"start":{"line":13,"column":4},"end":{"line":13,"column":32}},"6":{"start":{"line":17,"column":0},"end":{"line":29,"column":3}},"7":{"start":{"line":18,"column":15},"end":{"line":18,"column":28}},"8":{"start":{"line":20,"column":4},"end":{"line":22,"column":5}},"9":{"start":{"line":21,"column":8},"end":{"line":21,"column":87}},"10":{"start":{"line":24,"column":17},"end":{"line":24,"column":44}},"11":{"start":{"line":24,"column":33},"end":{"line":24,"column":43}},"12":{"start":{"line":25,"column":4},"end":{"line":27,"column":5}},"13":{"start":{"line":26,"column":8},"end":{"line":26,"column":65}},"14":{"start":{"line":28,"column":4},"end":{"line":28,"column":31}},"15":{"start":{"line":32,"column":0},"end":{"line":49,"column":3}},"16":{"start":{"line":33,"column":30},"end":{"line":33,"column":38}},"17":{"start":{"line":36,"column":4},"end":{"line":38,"column":5}},"18":{"start":{"line":37,"column":8},"end":{"line":37,"column":69}},"19":{"start":{"line":40,"column":20},"end":{"line":45,"column":5}},"20":{"start":{"line":46,"column":4},"end":{"line":46,"column":24}},"21":{"start":{"line":48,"column":4},"end":{"line":48,"column":34}},"22":{"start":{"line":52,"column":0},"end":{"line":63,"column":3}},"23":{"start":{"line":53,"column":15},"end":{"line":53,"column":38}},"24":{"start":{"line":54,"column":18},"end":{"line":54,"column":51}},"25":{"start":{"line":54,"column":39},"end":{"line":54,"column":50}},"26":{"start":{"line":57,"column":4},"end":{"line":59,"column":5}},"27":{"start":{"line":58,"column":8},"end":{"line":58,"column":96}},"28":{"start":{"line":61,"column":4},"end":{"line":61,"column":52}},"29":{"start":{"line":62,"column":4},"end":{"line":62,"column":39}},"30":{"start":{"line":66,"column":0},"end":{"line":76,"column":3}},"31":{"start":{"line":67,"column":15},"end":{"line":67,"column":38}},"32":{"start":{"line":68,"column":26},"end":{"line":68,"column":38}},"33":{"start":{"line":69,"column":4},"end":{"line":69,"column":43}},"34":{"start":{"line":69,"column":30},"end":{"line":69,"column":41}},"35":{"start":{"line":71,"column":4},"end":{"line":73,"column":5}},"36":{"start":{"line":72,"column":8},"end":{"line":72,"column":65}},"37":{"start":{"line":75,"column":4},"end":{"line":75,"column":15}},"38":{"start":{"line":79,"column":0},"end":{"line":92,"column":3}},"39":{"start":{"line":80,"column":35},"end":{"line":80,"column":44}},"40":{"start":{"line":83,"column":4},"end":{"line":85,"column":5}},"41":{"start":{"line":84,"column":8},"end":{"line":84,"column":103}},"42":{"start":{"line":87,"column":4},"end":{"line":89,"column":5}},"43":{"start":{"line":88,"column":8},"end":{"line":88,"column":68}},"44":{"start":{"line":91,"column":4},"end":{"line":91,"column":52}},"45":{"start":{"line":95,"column":0},"end":{"line":111,"column":3}},"46":{"start":{"line":96,"column":18},"end":{"line":96,"column":46}},"47":{"start":{"line":97,"column":23},"end":{"line":97,"column":31}},"48":{"start":{"line":99,"column":4},"end":{"line":101,"column":5}},"49":{"start":{"line":100,"column":8},"end":{"line":100,"column":68}},"50":{"start":{"line":103,"column":17},"end":{"line":103,"column":48}},"51":{"start":{"line":103,"column":33},"end":{"line":103,"column":47}},"52":{"start":{"line":104,"column":4},"end":{"line":106,"column":5}},"53":{"start":{"line":105,"column":8},"end":{"line":105,"column":65}},"54":{"start":{"line":109,"column":4},"end":{"line":109,"column":29}},"55":{"start":{"line":110,"column":4},"end":{"line":110,"column":74}},"56":{"start":{"line":113,"column":13},"end":{"line":113,"column":17}},"57":{"start":{"line":116,"column":0},"end":{"line":120,"column":1}},"58":{"start":{"line":117,"column":4},"end":{"line":119,"column":7}},"59":{"start":{"line":118,"column":8},"end":{"line":118,"column":81}},"60":{"start":{"line":123,"column":0},"end":{"line":123,"column":21}}},"fnMap":{"0":{"name":"(anonymous_0)","decl":{"start":{"line":12,"column":22},"end":{"line":12,"column":23}},"loc":{"start":{"line":12,"column":36},"end":{"line":14,"column":1}},"line":12},"1":{"name":"(anonymous_1)","decl":{"start":{"line":17,"column":26},"end":{"line":17,"column":27}},"loc":{"start":{"line":17,"column":40},"end":{"line":29,"column":1}},"line":17},"2":{"name":"(anonymous_2)","decl":{"start":{"line":24,"column":28},"end":{"line":24,"column":29}},"loc":{"start":{"line":24,"column":33},"end":{"line":24,"column":43}},"line":24},"3":{"name":"(anonymous_3)","decl":{"start":{"line":32,"column":23},"end":{"line":32,"column":24}},"loc":{"start":{"line":32,"column":37},"end":{"line":49,"column":1}},"line":32},"4":{"name":"(anonymous_4)","decl":{"start":{"line":52,"column":26},"end":{"line":52,"column":27}},"loc":{"start":{"line":52,"column":40},"end":{"line":63,"column":1}},"line":52},"5":{"name":"(anonymous_5)","decl":{"start":{"line":54,"column":34},"end":{"line":54,"column":35}},"loc":{"start":{"line":54,"column":39},"end":{"line":54,"column":50}},"line":54},"6":{"name":"(anonymous_6)","decl":{"start":{"line":66,"column":29},"end":{"line":66,"column":30}},"loc":{"start":{"line":66,"column":43},"end":{"line":76,"column":1}},"line":66},"7":{"name":"(anonymous_7)","decl":{"start":{"line":69,"column":25},"end":{"line":69,"column":26}},"loc":{"start":{"line":69,"column":30},"end":{"line":69,"column":41}},"line":69},"8":{"name":"(anonymous_8)","decl":{"start":{"line":79,"column":27},"end":{"line":79,"column":28}},"loc":{"start":{"line":79,"column":41},"end":{"line":92,"column":1}},"line":79},"9":{"name":"(anonymous_9)","decl":{"start":{"line":95,"column":24},"end":{"line":95,"column":25}},"loc":{"start":{"line":95,"column":38},"end":{"line":111,"column":1}},"line":95},"10":{"name":"(anonymous_10)","decl":{"start":{"line":103,"column":28},"end":{"line":103,"column":29}},"loc":{"start":{"line":103,"column":33},"end":{"line":103,"column":47}},"line":103},"11":{"name":"(anonymous_11)","decl":{"start":{"line":117,"column":21},"end":{"line":117,"column":22}},"loc":{"start":{"line":117,"column":27},"end":{"line":119,"column":5}},"line":117}},"branchMap":{"0":{"loc":{"start":{"line":20,"column":4},"end":{"line":22,"column":5}},"type":"if","locations":[{"start":{"line":20,"column":4},"end":{"line":22,"column":5}},{"start":{},"end":{}}],"line":20},"1":{"loc":{"start":{"line":25,"column":4},"end":{"line":27,"column":5}},"type":"if","locations":[{"start":{"line":25,"column":4},"end":{"line":27,"column":5}},{"start":{},"end":{}}],"line":25},"2":{"loc":{"start":{"line":36,"column":4},"end":{"line":38,"column":5}},"type":"if","locations":[{"start":{"line":36,"column":4},"end":{"line":38,"column":5}},{"start":{},"end":{}}],"line":36},"3":{"loc":{"start":{"line":57,"column":4},"end":{"line":59,"column":5}},"type":"if","locations":[{"start":{"line":57,"column":4},"end":{"line":59,"column":5}},{"start":{},"end":{}}],"line":57},"4":{"loc":{"start":{"line":71,"column":4},"end":{"line":73,"column":5}},"type":"if","locations":[{"start":{"line":71,"column":4},"end":{"line":73,"column":5}},{"start":{},"end":{}}],"line":71},"5":{"loc":{"start":{"line":83,"column":4},"end":{"line":85,"column":5}},"type":"if","locations":[{"start":{"line":83,"column":4},"end":{"line":85,"column":5}},{"start":{},"end":{}}],"line":83},"6":{"loc":{"start":{"line":83,"column":8},"end":{"line":83,"column":47}},"type":"binary-expr","locations":[{"start":{"line":83,"column":8},"end":{"line":83,"column":16}},{"start":{"line":83,"column":20},"end":{"line":83,"column":47}}],"line":83},"7":{"loc":{"start":{"line":87,"column":4},"end":{"line":89,"column":5}},"type":"if","locations":[{"start":{"line":87,"column":4},"end":{"line":89,"column":5}},{"start":{},"end":{}}],"line":87},"8":{"loc":{"start":{"line":87,"column":8},"end":{"line":87,"column":55}},"type":"binary-expr","locations":[{"start":{"line":87,"column":8},"end":{"line":87,"column":28}},{"start":{"line":87,"column":32},"end":{"line":87,"column":55}}],"line":87},"9":{"loc":{"start":{"line":99,"column":4},"end":{"line":101,"column":5}},"type":"if","locations":[{"start":{"line":99,"column":4},"end":{"line":101,"column":5}},{"start":{},"end":{}}],"line":99},"10":{"loc":{"start":{"line":104,"column":4},"end":{"line":106,"column":5}},"type":"if","locations":[{"start":{"line":104,"column":4},"end":{"line":106,"column":5}},{"start":{},"end":{}}],"line":104},"11":{"loc":{"start":{"line":116,"column":0},"end":{"line":120,"column":1}},"type":"if","locations":[{"start":{"line":116,"column":0},"end":{"line":120,"column":1}},{"start":{},"end":{}}],"line":116}},"s":{"0":1,"1":1,"2":1,"3":1,"4":1,"5":1,"6":1,"7":3,"8":3,"9":0,"10":3,"11":8,"12":3,"13":2,"14":1,"15":1,"16":4,"17":4,"18":0,"19":4,"20":4,"21":4,"22":1,"23":3,"24":3,"25":6,"26":3,"27":1,"28":2,"29":2,"30":1,"31":2,"32":2,"33":2,"34":7,"35":2,"36":1,"37":1,"38":1,"39":0,"40":0,"41":0,"42":0,"43":0,"44":0,"45":1,"46":4,"47":4,"48":4,"49":2,"50":2,"51":4,"52":2,"53":1,"54":1,"55":1,"56":1,"57":1,"58":0,"59":0,"60":1},"f":{"0":1,"1":3,"2":8,"3":4,"4":3,"5":6,"6":2,"7":7,"8":0,"9":4,"10":4,"11":0},"b":{"0":[0,3],"1":[2,1],"2":[0,4],"3":[1,2],"4":[1,1],"5":[0,0],"6":[0,0],"7":[0,0],"8":[0,0],"9":[2,2],"10":[1,1],"11":[0,1]},"_coverageSchema":"1a1c01bbd47fc00a2c39e90264f33305004495a9","hash":"fafe50c46a48f305ce1ddd7e79e112fc6b5f35ea"}
}
