TN:
SF:src\bookLogic.js
FN:4,(anonymous_0)
FN:14,(anonymous_1)
FN:23,(anonymous_2)
FNF:3
FNH:3
FNDA:5,(anonymous_0)
FNDA:5,(anonymous_1)
FNDA:5,(anonymous_2)
DA:4,1
DA:5,5
DA:6,4
DA:7,3
DA:8,3
DA:9,2
DA:10,1
DA:14,1
DA:15,5
DA:16,4
DA:17,3
DA:18,2
DA:19,1
DA:23,1
DA:24,5
DA:25,4
DA:26,1
DA:29,1
LF:18
LH:18
BRDA:5,0,0,1
BRDA:5,0,1,4
BRDA:5,1,0,5
BRDA:5,1,1,2
BRDA:6,2,0,1
BRDA:6,2,1,3
BRDA:7,3,0,0
BRDA:7,3,1,3
BRDA:8,4,0,1
BRDA:8,4,1,2
BRDA:9,5,0,1
BRDA:9,5,1,1
BRDA:15,6,0,1
BRDA:15,6,1,4
BRDA:16,7,0,1
BRDA:16,7,1,3
BRDA:17,8,0,1
BRDA:17,8,1,2
BRDA:18,9,0,1
BRDA:18,9,1,1
BRDA:24,10,0,1
BRDA:24,10,1,4
BRDA:24,11,0,5
BRDA:24,11,1,5
BRDA:25,12,0,3
BRDA:25,12,1,1
BRF:26
BRH:25
end_of_record
TN:
SF:src\server.js
FN:12,(anonymous_0)
FN:17,(anonymous_1)
FN:24,(anonymous_2)
FN:32,(anonymous_3)
FN:52,(anonymous_4)
FN:54,(anonymous_5)
FN:66,(anonymous_6)
FN:69,(anonymous_7)
FN:79,(anonymous_8)
FN:95,(anonymous_9)
FN:103,(anonymous_10)
FN:117,(anonymous_11)
FNF:12
FNH:10
FNDA:1,(anonymous_0)
FNDA:3,(anonymous_1)
FNDA:8,(anonymous_2)
FNDA:4,(anonymous_3)
FNDA:3,(anonymous_4)
FNDA:6,(anonymous_5)
FNDA:2,(anonymous_6)
FNDA:7,(anonymous_7)
FNDA:0,(anonymous_8)
FNDA:4,(anonymous_9)
FNDA:4,(anonymous_10)
FNDA:0,(anonymous_11)
DA:1,1
DA:2,1
DA:3,1
DA:6,1
DA:12,1
DA:13,1
DA:17,1
DA:18,3
DA:20,3
DA:21,0
DA:24,8
DA:25,3
DA:26,2
DA:28,1
DA:32,1
DA:33,4
DA:36,4
DA:37,0
DA:40,4
DA:46,4
DA:48,4
DA:52,1
DA:53,3
DA:54,6
DA:57,3
DA:58,1
DA:61,2
DA:62,2
DA:66,1
DA:67,2
DA:68,2
DA:69,7
DA:71,2
DA:72,1
DA:75,1
DA:79,1
DA:80,0
DA:83,0
DA:84,0
DA:87,0
DA:88,0
DA:91,0
DA:95,1
DA:96,4
DA:97,4
DA:99,4
DA:100,2
DA:103,4
DA:104,2
DA:105,1
DA:109,1
DA:110,1
DA:113,1
DA:116,1
DA:117,0
DA:118,0
DA:123,1
LF:57
LH:47
BRDA:20,0,0,0
BRDA:20,0,1,3
BRDA:25,1,0,2
BRDA:25,1,1,1
BRDA:36,2,0,0
BRDA:36,2,1,4
BRDA:57,3,0,1
BRDA:57,3,1,2
BRDA:71,4,0,1
BRDA:71,4,1,1
BRDA:83,5,0,0
BRDA:83,5,1,0
BRDA:83,6,0,0
BRDA:83,6,1,0
BRDA:87,7,0,0
BRDA:87,7,1,0
BRDA:87,8,0,0
BRDA:87,8,1,0
BRDA:99,9,0,2
BRDA:99,9,1,2
BRDA:104,10,0,1
BRDA:104,10,1,1
BRDA:116,11,0,0
BRDA:116,11,1,1
BRF:24
BRH:13
end_of_record
